<?xml version="1.0" encoding="UTF-8"?>
<!-- Generated by org.testng.reporters.JUnitXMLReporter -->
<testsuite hostname="WIB-DES-00840" name="Default test" tests="12" failures="0" timestamp="6 Feb 2018 12:35:31 GMT" time="5.223" errors="0">
  <testcase name="@BeforeTest initialization" time="0.0" classname="com.wibmo.test.MobileRechargePayPageTest">
    <failure type="java.lang.NullPointerException">
      <![CDATA[java.lang.NullPointerException
	at org.openqa.selenium.support.pagefactory.DefaultElementLocator.findElement(DefaultElementLocator.java:69)
	at org.openqa.selenium.support.pagefactory.internal.LocatingElementHandler.invoke(LocatingElementHandler.java:38)
	at com.sun.proxy.$Proxy11.click(Unknown Source)
	at com.wibmo.page.LoginPage.login(LoginPage.java:40)
	at com.wibmo.test.MobileRechargePayPageTest.initialization(MobileRechargePayPageTest.java:46)
	at sun.reflect.NativeMethodAccessorImpl.invoke0(Native Method)
	at sun.reflect.NativeMethodAccessorImpl.invoke(Unknown Source)
	at sun.reflect.DelegatingMethodAccessorImpl.invoke(Unknown Source)
	at java.lang.reflect.Method.invoke(Unknown Source)
	at org.testng.internal.MethodInvocationHelper.invokeMethod(MethodInvocationHelper.java:80)
	at org.testng.internal.Invoker.invokeConfigurationMethod(Invoker.java:564)
	at org.testng.internal.Invoker.invokeConfigurations(Invoker.java:213)
	at org.testng.internal.Invoker.invokeConfigurations(Invoker.java:138)
	at org.testng.TestRunner.beforeRun(TestRunner.java:641)
	at org.testng.TestRunner.run(TestRunner.java:609)
	at org.testng.SuiteRunner.runTest(SuiteRunner.java:334)
	at org.testng.SuiteRunner.runSequentially(SuiteRunner.java:329)
	at org.testng.SuiteRunner.privateRun(SuiteRunner.java:291)
	at org.testng.SuiteRunner.run(SuiteRunner.java:240)
	at org.testng.SuiteRunnerWorker.runSuite(SuiteRunnerWorker.java:52)
	at org.testng.SuiteRunnerWorker.run(SuiteRunnerWorker.java:86)
	at org.testng.TestNG.runSuitesSequentially(TestNG.java:1198)
	at org.testng.TestNG.runSuitesLocally(TestNG.java:1123)
	at org.testng.TestNG.run(TestNG.java:1031)
	at org.testng.remote.AbstractRemoteTestNG.run(AbstractRemoteTestNG.java:114)
	at org.testng.remote.RemoteTestNG.initAndRun(RemoteTestNG.java:251)
	at org.testng.remote.RemoteTestNG.main(RemoteTestNG.java:77)
]]>
    </failure>
  </testcase> <!-- @BeforeTest initialization -->
  <testcase name="@BeforeClass setUp" time="0.0" classname="com.wibmo.test.MobileRechargePayPageTest">
    <skipped/>
  </testcase> <!-- @BeforeClass setUp -->
  <testcase name="@AfterTest close" time="0.0" classname="com.wibmo.test.MobileRechargePayPageTest">
    <skipped/>
  </testcase> <!-- @AfterTest close -->
  <testcase name="clickOnSelectOperator" time="0.0" classname="com.wibmo.test.MobileRechargePayPageTest">
    <skipped/>
  </testcase> <!-- clickOnSelectOperator -->
  <testcase name="clickOnSelectOperator" time="0.0" classname="com.wibmo.test.MobileRechargePayPageTest">
    <skipped/>
  </testcase> <!-- clickOnSelectOperator -->
  <testcase name="clickOnSelectOperator" time="0.0" classname="com.wibmo.test.MobileRechargePayPageTest">
    <skipped/>
  </testcase> <!-- clickOnSelectOperator -->
  <testcase name="clickOnSelectOperator" time="0.0" classname="com.wibmo.test.MobileRechargePayPageTest">
    <skipped/>
  </testcase> <!-- clickOnSelectOperator -->
  <testcase name="clickOnSelectOperator" time="0.001" classname="com.wibmo.test.MobileRechargePayPageTest">
    <skipped/>
  </testcase> <!-- clickOnSelectOperator -->
  <testcase name="clickOnSelectOperator" time="0.001" classname="com.wibmo.test.MobileRechargePayPageTest">
    <skipped/>
  </testcase> <!-- clickOnSelectOperator -->
  <testcase name="clickOnSelectOperator" time="0.0" classname="com.wibmo.test.MobileRechargePayPageTest">
    <skipped/>
  </testcase> <!-- clickOnSelectOperator -->
  <testcase name="clickOnSelectOperator" time="0.001" classname="com.wibmo.test.MobileRechargePayPageTest">
    <skipped/>
  </testcase> <!-- clickOnSelectOperator -->
  <testcase name="clickOnSelectOperator" time="0.002" classname="com.wibmo.test.MobileRechargePayPageTest">
    <skipped/>
  </testcase> <!-- clickOnSelectOperator -->
  <testcase name="clickOnSelectOperator" time="0.003" classname="com.wibmo.test.MobileRechargePayPageTest">
    <skipped/>
  </testcase> <!-- clickOnSelectOperator -->
  <testcase name="clickOnSelectOperator" time="0.0" classname="com.wibmo.test.MobileRechargePayPageTest">
    <skipped/>
  </testcase> <!-- clickOnSelectOperator -->
  <testcase name="clickOnViewPlans" time="0.0" classname="com.wibmo.test.MobileRechargePayPageTest">
    <skipped/>
  </testcase> <!-- clickOnViewPlans -->
</testsuite> <!-- Default test -->
