<?xml version="1.0" encoding="UTF-8"?>
<!-- Generated by org.testng.reporters.JUnitXMLReporter -->
<testsuite hostname="WIB-DES-00840" name="Test" tests="16" failures="0" timestamp="20 Feb 2018 06:54:12 GMT" time="122.019" errors="0">
  <testcase name="@BeforeClass setUp" time="0.0" classname="com.wibmo.test.LoginPageTest">
    <failure type="io.appium.java_client.service.local.AppiumServerHasNotBeenStartedLocallyException" message="The local appium server has not been started. The given Node.js executable: C:\Program Files\nodejs\node.exe Arguments: [C:\Users\prabhu.basavaraj\AppData\Roaming\npm\node_modules\appium\build\lib\main.js, --port, 4723, --address, 0.0.0.0] 
Process output: [Appium] Welcome to Appium v1.7.2
[HTTP] Could not start REST http interface listener. The requested port may already be in use. Please make sure there is no other instance of this server running already.
uncaughtException: listen EADDRINUSE 0.0.0.0:4723
	{&amp;quot;date&amp;quot;:&amp;quot;Tue Feb 20 2018 12:22:22 GMT+0530 (India Standard Time)&amp;quot;,&amp;quot;process&amp;quot;:{&amp;quot;pid&amp;quot;:5696,&amp;quot;uid&amp;quot;:null,&amp;quot;gid&amp;quot;:null,&amp;quot;cwd&amp;quot;:&amp;quot;C:\\Users\\prabhu.basavaraj\\workspace\\RechargeServices&amp;quot;,&amp;quot;execPath&amp;quot;:&amp;quot;C:\\Program Files\\nodejs\\node.exe&amp;quot;,&amp;quot;version&amp;quot;:&amp;quot;v6.11.5&amp;quot;,&amp;quot;argv&amp;quot;:[&amp;quot;C:\\Program Files\\nodejs\\node.exe&amp;quot;,&amp;quot;C:\\Users\\prabhu.basavaraj\\AppData\\Roaming\\npm\\node_modules\\appium\\build\\lib\\main.js&amp;quot;,&amp;quot;--port&amp;quot;,&amp;quot;4723&amp;quot;,&amp;quot;--address&amp;quot;,&amp;quot;0.0.0.0&amp;quot;],&amp;quot;memoryUsage&amp;quot;:{&amp;quot;rss&amp;quot;:159555584,&amp;quot;heapTotal&amp;quot;:145444864,&amp;quot;heapUsed&amp;quot;:89285088,&amp;quot;external&amp;quot;:368760}},&amp;quot;os&amp;quot;:{&amp;quot;loadavg&amp;quot;:[0,0,0],&amp;quot;uptime&amp;quot;:3034281.3884668},&amp;quot;trace&amp;quot;:[{&amp;quot;column&amp;quot;:11,&amp;quot;file&amp;quot;:&amp;quot;util.js&amp;quot;,&amp;quot;function&amp;quot;:&amp;quot;Object.exports._errnoException&amp;quot;,&amp;quot;line&amp;quot;:1020,&amp;quot;method&amp;quot;:&amp;quot;_errnoException&amp;quot;,&amp;quot;native&amp;quot;:false},{&amp;quot;column&amp;quot;:20,&amp;quot;file&amp;quot;:&amp;quot;util.js&amp;quot;,&amp;quot;function&amp;quot;:&amp;quot;exports._exceptionWithHostPort&amp;quot;,&amp;quot;line&amp;quot;:1043,&amp;quot;method&amp;quot;:&amp;quot;_exceptionWithHostPort&amp;quot;,&amp;quot;native&amp;quot;:false},{&amp;quot;column&amp;quot;:14,&amp;quot;file&amp;quot;:&amp;quot;net.js&amp;quot;,&amp;quot;function&amp;quot;:&amp;quot;Server._listen2&amp;quot;,&amp;quot;line&amp;quot;:1262,&amp;quot;method&amp;quot;:&amp;quot;_listen2&amp;quot;,&amp;quot;native&amp;quot;:false},{&amp;quot;column&amp;quot;:10,&amp;quot;file&amp;quot;:&amp;quot;net.js&amp;quot;,&amp;quot;function&amp;quot;:&amp;quot;listen&amp;quot;,&amp;quot;line&amp;quot;:1298,&amp;quot;method&amp;quot;:null,&amp;quot;native&amp;quot;:false},{&amp;quot;column&amp;quot;:9,&amp;quot;file&amp;quot;:&amp;quot;net.js&amp;quot;,&amp;quot;function&amp;quot;:null,&amp;quot;line&amp;quot;:1408,&amp;quot;method&amp;quot;:null,&amp;quot;native&amp;quot;:false},{&amp;quot;column&amp;quot;:11,&amp;quot;file&amp;quot;:&amp;quot;internal/process/next_tick.js&amp;quot;,&amp;quot;function&amp;quot;:&amp;quot;_combinedTickCallback&amp;quot;,&amp;quot;line&amp;quot;:83,&amp;quot;method&amp;quot;:null,&amp;quot;native&amp;quot;:false},{&amp;quot;column&amp;quot;:9,&amp;quot;file&amp;quot;:&amp;quot;internal/process/next_tick.js&amp;quot;,&amp;quot;function&amp;quot;:&amp;quot;process._tickCallback&amp;quot;,&amp;quot;line&amp;quot;:104,&amp;quot;method&amp;quot;:&amp;quot;_tickCallback&amp;quot;,&amp;quot;native&amp;quot;:false}],&amp;quot;stack&amp;quot;:[&amp;quot;Error: listen EADDRINUSE 0.0.0.0:4723&amp;quot;,&amp;quot;    at Object.exports._errnoException (util.js:1020:11)&amp;quot;,&amp;quot;    at exports._exceptionWithHostPort (util.js:1043:20)&amp;quot;,&amp;quot;    at Server._listen2 (net.js:1262:14)&amp;quot;,&amp;quot;    at listen (net.js:1298:10)&amp;quot;,&amp;quot;    at net.js:1408:9&amp;quot;,&amp;quot;    at _combinedTickCallback (internal/process/next_tick.js:83:11)&amp;quot;,&amp;quot;    at process._tickCallback (internal/process/next_tick.js:104:9)&amp;quot;]}

">
      <![CDATA[io.appium.java_client.service.local.AppiumServerHasNotBeenStartedLocallyException: The local appium server has not been started. The given Node.js executable: C:\Program Files\nodejs\node.exe Arguments: [C:\Users\prabhu.basavaraj\AppData\Roaming\npm\node_modules\appium\build\lib\main.js, --port, 4723, --address, 0.0.0.0] 
Process output: [Appium] Welcome to Appium v1.7.2
[HTTP] Could not start REST http interface listener. The requested port may already be in use. Please make sure there is no other instance of this server running already.
uncaughtException: listen EADDRINUSE 0.0.0.0:4723
	{"date":"Tue Feb 20 2018 12:22:22 GMT+0530 (India Standard Time)","process":{"pid":5696,"uid":null,"gid":null,"cwd":"C:\\Users\\prabhu.basavaraj\\workspace\\RechargeServices","execPath":"C:\\Program Files\\nodejs\\node.exe","version":"v6.11.5","argv":["C:\\Program Files\\nodejs\\node.exe","C:\\Users\\prabhu.basavaraj\\AppData\\Roaming\\npm\\node_modules\\appium\\build\\lib\\main.js","--port","4723","--address","0.0.0.0"],"memoryUsage":{"rss":159555584,"heapTotal":145444864,"heapUsed":89285088,"external":368760}},"os":{"loadavg":[0,0,0],"uptime":3034281.3884668},"trace":[{"column":11,"file":"util.js","function":"Object.exports._errnoException","line":1020,"method":"_errnoException","native":false},{"column":20,"file":"util.js","function":"exports._exceptionWithHostPort","line":1043,"method":"_exceptionWithHostPort","native":false},{"column":14,"file":"net.js","function":"Server._listen2","line":1262,"method":"_listen2","native":false},{"column":10,"file":"net.js","function":"listen","line":1298,"method":null,"native":false},{"column":9,"file":"net.js","function":null,"line":1408,"method":null,"native":false},{"column":11,"file":"internal/process/next_tick.js","function":"_combinedTickCallback","line":83,"method":null,"native":false},{"column":9,"file":"internal/process/next_tick.js","function":"process._tickCallback","line":104,"method":"_tickCallback","native":false}],"stack":["Error: listen EADDRINUSE 0.0.0.0:4723","    at Object.exports._errnoException (util.js:1020:11)","    at exports._exceptionWithHostPort (util.js:1043:20)","    at Server._listen2 (net.js:1262:14)","    at listen (net.js:1298:10)","    at net.js:1408:9","    at _combinedTickCallback (internal/process/next_tick.js:83:11)","    at process._tickCallback (internal/process/next_tick.js:104:9)"]}


	at io.appium.java_client.service.local.AppiumDriverLocalService.start(AppiumDriverLocalService.java:149)
	at com.wibmo.base.TestBase.setUp(TestBase.java:35)
Caused by: org.openqa.selenium.net.UrlChecker$TimeoutException: Timed out waiting for [http://0.0.0.0:4723/wd/hub/status] to be available after 120002 ms
	at org.openqa.selenium.net.UrlChecker.waitUntilAvailable(UrlChecker.java:100)
	at io.appium.java_client.service.local.AppiumDriverLocalService.ping(AppiumDriverLocalService.java:113)
	at io.appium.java_client.service.local.AppiumDriverLocalService.start(AppiumDriverLocalService.java:136)
	... 25 more
Caused by: java.util.concurrent.TimeoutException
	at java.util.concurrent.FutureTask.get(Unknown Source)
	at com.google.common.util.concurrent.SimpleTimeLimiter.callWithTimeout(SimpleTimeLimiter.java:147)
	at org.openqa.selenium.net.UrlChecker.waitUntilAvailable(UrlChecker.java:75)
	... 27 more
... Removed 24 stack frames]]>
    </failure>
  </testcase> <!-- @BeforeClass setUp -->
  <testcase name="@AfterClass close" time="0.0" classname="com.wibmo.test.LoginPageTest">
    <skipped/>
  </testcase> <!-- @AfterClass close -->
  <testcase name="@BeforeClass setUp" time="0.0" classname="com.wibmo.test.HomePageTest">
    <skipped/>
  </testcase> <!-- @BeforeClass setUp -->
  <testcase name="@BeforeClass initialization" time="0.0" classname="com.wibmo.test.HomePageTest">
    <skipped/>
  </testcase> <!-- @BeforeClass initialization -->
  <testcase name="@AfterClass close" time="0.0" classname="com.wibmo.test.HomePageTest">
    <skipped/>
  </testcase> <!-- @AfterClass close -->
  <testcase name="@BeforeClass setUp" time="0.0" classname="com.wibmo.test.RechargeServicesPageTest">
    <skipped/>
  </testcase> <!-- @BeforeClass setUp -->
  <testcase name="@BeforeClass initialization" time="0.0" classname="com.wibmo.test.RechargeServicesPageTest">
    <skipped/>
  </testcase> <!-- @BeforeClass initialization -->
  <testcase name="@AfterClass close" time="0.0" classname="com.wibmo.test.RechargeServicesPageTest">
    <skipped/>
  </testcase> <!-- @AfterClass close -->
  <testcase name="@BeforeClass setUp" time="0.0" classname="com.wibmo.test.MobileRechargePageTest">
    <skipped/>
  </testcase> <!-- @BeforeClass setUp -->
  <testcase name="@BeforeClass initialization" time="0.0" classname="com.wibmo.test.MobileRechargePageTest">
    <skipped/>
  </testcase> <!-- @BeforeClass initialization -->
  <testcase name="@AfterClass close" time="0.0" classname="com.wibmo.test.MobileRechargePageTest">
    <skipped/>
  </testcase> <!-- @AfterClass close -->
  <testcase name="@BeforeClass setUp" time="0.0" classname="com.wibmo.test.MobileRechargePayPageTest">
    <skipped/>
  </testcase> <!-- @BeforeClass setUp -->
  <testcase name="@BeforeClass initialization" time="0.0" classname="com.wibmo.test.MobileRechargePayPageTest">
    <skipped/>
  </testcase> <!-- @BeforeClass initialization -->
  <testcase name="@AfterClass close" time="0.0" classname="com.wibmo.test.MobileRechargePayPageTest">
    <skipped/>
  </testcase> <!-- @AfterClass close -->
  <testcase name="enterLoginCredentials" time="0.015" classname="com.wibmo.test.LoginPageTest">
    <skipped/>
  </testcase> <!-- enterLoginCredentials -->
  <testcase name="tapOnDashBoard" time="0.0" classname="com.wibmo.test.HomePageTest">
    <skipped/>
  </testcase> <!-- tapOnDashBoard -->
  <testcase name="clickOnMobileRecharge" time="0.0" classname="com.wibmo.test.RechargeServicesPageTest">
    <skipped/>
  </testcase> <!-- clickOnMobileRecharge -->
  <testcase name="clickOnMyNumber" time="0.0" classname="com.wibmo.test.MobileRechargePageTest">
    <skipped/>
  </testcase> <!-- clickOnMyNumber -->
  <testcase name="clickOnSelectOperator" time="0.0" classname="com.wibmo.test.MobileRechargePayPageTest">
    <skipped/>
  </testcase> <!-- clickOnSelectOperator -->
  <testcase name="clickOnSelectOperator" time="0.0" classname="com.wibmo.test.MobileRechargePayPageTest">
    <skipped/>
  </testcase> <!-- clickOnSelectOperator -->
  <testcase name="clickOnSelectOperator" time="0.0" classname="com.wibmo.test.MobileRechargePayPageTest">
    <skipped/>
  </testcase> <!-- clickOnSelectOperator -->
  <testcase name="clickOnSelectOperator" time="0.0" classname="com.wibmo.test.MobileRechargePayPageTest">
    <skipped/>
  </testcase> <!-- clickOnSelectOperator -->
  <testcase name="clickOnSelectOperator" time="0.0" classname="com.wibmo.test.MobileRechargePayPageTest">
    <skipped/>
  </testcase> <!-- clickOnSelectOperator -->
  <testcase name="clickOnSelectOperator" time="0.0" classname="com.wibmo.test.MobileRechargePayPageTest">
    <skipped/>
  </testcase> <!-- clickOnSelectOperator -->
  <testcase name="clickOnSelectOperator" time="0.0" classname="com.wibmo.test.MobileRechargePayPageTest">
    <skipped/>
  </testcase> <!-- clickOnSelectOperator -->
  <testcase name="clickOnSelectOperator" time="0.0" classname="com.wibmo.test.MobileRechargePayPageTest">
    <skipped/>
  </testcase> <!-- clickOnSelectOperator -->
  <testcase name="clickOnSelectOperator" time="0.0" classname="com.wibmo.test.MobileRechargePayPageTest">
    <skipped/>
  </testcase> <!-- clickOnSelectOperator -->
  <testcase name="clickOnSelectOperator" time="0.0" classname="com.wibmo.test.MobileRechargePayPageTest">
    <skipped/>
  </testcase> <!-- clickOnSelectOperator -->
  <testcase name="clickOnSelectOperator" time="0.016" classname="com.wibmo.test.MobileRechargePayPageTest">
    <skipped/>
  </testcase> <!-- clickOnSelectOperator -->
  <testcase name="clickOnViewPlans" time="0.001" classname="com.wibmo.test.MobileRechargePayPageTest">
    <skipped/>
  </testcase> <!-- clickOnViewPlans -->
</testsuite> <!-- Test -->
