<?xml version="1.0" encoding="UTF-8"?>
<!-- Generated by org.testng.reporters.JUnitXMLReporter -->
<testsuite hostname="WIB-DES-00840" name="Test" tests="5" failures="1" timestamp="27 Feb 2018 10:11:24 GMT" time="778.718" errors="0">
  <testcase name="TC_01" time="163.678" classname="com.wibmo.test.MobileRechargePayPageTest"/>
  <testcase name="TC_02" time="143.802" classname="com.wibmo.test.MobileRechargePayPageTest"/>
  <testcase name="TC_03" time="148.21" classname="com.wibmo.test.MobileRechargePayPageTest">
    <failure type="org.openqa.selenium.TimeoutException" message="Expected condition failed: waiting for element to be clickable: Proxy element for: DefaultElementLocator &amp;apos;By.id: txn_card_arrow&amp;apos; (tried for 30 second(s) with 500 MILLISECONDS interval)">
      <![CDATA[org.openqa.selenium.TimeoutException: Expected condition failed: waiting for element to be clickable: Proxy element for: DefaultElementLocator 'By.id: txn_card_arrow' (tried for 30 second(s) with 500 MILLISECONDS interval)
	at org.openqa.selenium.support.ui.WebDriverWait.timeoutException(WebDriverWait.java:82)
	at org.openqa.selenium.support.ui.FluentWait.until(FluentWait.java:231)
	at com.wibmo.page.IAPPage.clickOnApproveBtn(IAPPage.java:45)
	at com.wibmo.test.MobileRechargePayPageTest.TC_03(MobileRechargePayPageTest.java:173)
Caused by: org.openqa.selenium.NoSuchElementException: An element could not be located on the page using the given search parameters. (WARNING: The server did not provide any stacktrace information)
Command duration or timeout: 0 milliseconds
For documentation on this error, please visit: http://seleniumhq.org/exceptions/no_such_element.html
Build info: version: '3.7.1', revision: '8a0099a', time: '2017-11-06T21:01:39.354Z'
System info: host: 'WIB-DES-00840', ip: '172.31.2.72', os.name: 'Windows 10', os.arch: 'amd64', os.version: '10.0', java.version: '1.8.0_101'
Driver info: io.appium.java_client.android.AndroidDriver
Capabilities {BROWSER_NAME: , appActivity: com.enstage.wibmo.main.Main..., appPackage: com.enstage.wibmo.staging.hdfc, browserName: Android, databaseEnabled: false, desired: {BROWSER_NAME: , appActivity: com.enstage.wibmo.main.Main..., appPackage: com.enstage.wibmo.staging.hdfc, deviceName: Cloud Fame 4G, platformName: Android, platformVersion: 6.0}, deviceName: 0123456789ABCDEF, javascriptEnabled: true, locationContextEnabled: false, networkConnectionEnabled: true, platform: LINUX, platformName: LINUX, platformVersion: 6.0, takesScreenshot: true, warnings: {}, webStorageEnabled: false}
Session ID: ca570ce2-5cc1-4b20-a41b-83b1d1e11f6c
*** Element info: {Using=id, value=txn_card_arrow}
	at org.openqa.selenium.remote.ErrorHandler.createThrowable(ErrorHandler.java:214)
	at org.openqa.selenium.remote.ErrorHandler.throwIfResponseFailed(ErrorHandler.java:166)
	at org.openqa.selenium.remote.http.JsonHttpResponseCodec.reconstructValue(JsonHttpResponseCodec.java:40)
	at org.openqa.selenium.remote.http.AbstractHttpResponseCodec.decode(AbstractHttpResponseCodec.java:80)
	at org.openqa.selenium.remote.http.AbstractHttpResponseCodec.decode(AbstractHttpResponseCodec.java:44)
	at org.openqa.selenium.remote.HttpCommandExecutor.execute(HttpCommandExecutor.java:164)
	at io.appium.java_client.remote.AppiumCommandExecutor.execute(AppiumCommandExecutor.java:89)
	at org.openqa.selenium.remote.RemoteWebDriver.execute(RemoteWebDriver.java:600)
	at io.appium.java_client.DefaultGenericMobileDriver.execute(DefaultGenericMobileDriver.java:42)
	at io.appium.java_client.AppiumDriver.execute(AppiumDriver.java:1)
	at io.appium.java_client.android.AndroidDriver.execute(AndroidDriver.java:1)
	at org.openqa.selenium.remote.RemoteWebDriver.findElement(RemoteWebDriver.java:370)
	at io.appium.java_client.DefaultGenericMobileDriver.findElement(DefaultGenericMobileDriver.java:62)
	at io.appium.java_client.AppiumDriver.findElement(AppiumDriver.java:1)
	at io.appium.java_client.android.AndroidDriver.findElement(AndroidDriver.java:1)
	at org.openqa.selenium.remote.RemoteWebDriver.findElementById(RemoteWebDriver.java:416)
	at io.appium.java_client.DefaultGenericMobileDriver.findElementById(DefaultGenericMobileDriver.java:70)
	at io.appium.java_client.AppiumDriver.findElementById(AppiumDriver.java:1)
	at io.appium.java_client.android.AndroidDriver.findElementById(AndroidDriver.java:1)
	at org.openqa.selenium.By$ById.findElement(By.java:218)
	at org.openqa.selenium.remote.RemoteWebDriver.findElement(RemoteWebDriver.java:362)
	at io.appium.java_client.DefaultGenericMobileDriver.findElement(DefaultGenericMobileDriver.java:58)
	at io.appium.java_client.AppiumDriver.findElement(AppiumDriver.java:1)
	at io.appium.java_client.android.AndroidDriver.findElement(AndroidDriver.java:1)
	at org.openqa.selenium.support.pagefactory.DefaultElementLocator.findElement(DefaultElementLocator.java:69)
	at org.openqa.selenium.support.pagefactory.internal.LocatingElementHandler.invoke(LocatingElementHandler.java:38)
	at com.sun.proxy.$Proxy10.isDisplayed(Unknown Source)
	at org.openqa.selenium.support.ui.ExpectedConditions.elementIfVisible(ExpectedConditions.java:301)
	at org.openqa.selenium.support.ui.ExpectedConditions.access$100(ExpectedConditions.java:43)
	at org.openqa.selenium.support.ui.ExpectedConditions$10.apply(ExpectedConditions.java:287)
	at org.openqa.selenium.support.ui.ExpectedConditions$10.apply(ExpectedConditions.java:284)
	at org.openqa.selenium.support.ui.ExpectedConditions$23.apply(ExpectedConditions.java:672)
	at org.openqa.selenium.support.ui.ExpectedConditions$23.apply(ExpectedConditions.java:668)
	at org.openqa.selenium.support.ui.FluentWait.until(FluentWait.java:208)
	... 26 more
... Removed 28 stack frames]]>
    </failure>
  </testcase> <!-- TC_03 -->
  <testcase name="TC_01" time="141.475" classname="com.wibmo.test.DataCardRechargePayPageTest"/>
  <testcase name="TC_02" time="141.2" classname="com.wibmo.test.DataCardRechargePayPageTest"/>
</testsuite> <!-- Test -->
