<?xml version="1.0" encoding="UTF-8"?>
<testng-results skipped="0" failed="0" total="1" passed="1">
  <reporter-output>
  </reporter-output>
  <suite name="Default suite" duration-ms="62325" started-at="2018-02-02T12:46:39Z" finished-at="2018-02-02T12:47:42Z">
    <groups>
    </groups>
    <test name="Default test" duration-ms="62325" started-at="2018-02-02T12:46:39Z" finished-at="2018-02-02T12:47:42Z">
      <class name="com.wibmo.test.RechargeServicesPageTest">
        <test-method status="PASS" signature="setUp()[pri:0, instance:com.wibmo.test.RechargeServicesPageTest@7791a895]" name="setUp" is-config="true" duration-ms="11147" started-at="2018-02-02T18:16:39Z" finished-at="2018-02-02T18:16:51Z">
          <reporter-output>
          </reporter-output>
        </test-method> <!-- setUp -->
        <test-method status="PASS" signature="initialization()[pri:0, instance:com.wibmo.test.RechargeServicesPageTest@7791a895]" name="initialization" is-config="true" duration-ms="44739" started-at="2018-02-02T18:16:51Z" finished-at="2018-02-02T18:17:35Z">
          <reporter-output>
          </reporter-output>
        </test-method> <!-- initialization -->
        <test-method status="PASS" signature="clickOnMobileRecharge()[pri:0, instance:com.wibmo.test.RechargeServicesPageTest@7791a895]" name="clickOnMobileRecharge" duration-ms="6439" started-at="2018-02-02T18:17:35Z" finished-at="2018-02-02T18:17:42Z">
          <reporter-output>
          </reporter-output>
        </test-method> <!-- clickOnMobileRecharge -->
      </class> <!-- com.wibmo.test.RechargeServicesPageTest -->
    </test> <!-- Default test -->
  </suite> <!-- Default suite -->
</testng-results>
