<?xml version="1.0" encoding="UTF-8"?>
<testng-results skipped="0" failed="1" total="1" passed="0">
  <reporter-output>
  </reporter-output>
  <suite name="Default suite" duration-ms="42857" started-at="2018-03-02T12:40:42Z" finished-at="2018-03-02T12:41:25Z">
    <groups>
    </groups>
    <test name="Default test" duration-ms="42857" started-at="2018-03-02T12:40:42Z" finished-at="2018-03-02T12:41:25Z">
      <class name="com.wibmo.test.DTHRechargePayPageTest">
        <test-method status="PASS" signature="setUp()[pri:0, instance:com.wibmo.test.DTHRechargePayPageTest@3cef309d]" name="setUp" is-config="true" duration-ms="40768" started-at="2018-03-02T18:10:42Z" finished-at="2018-03-02T18:11:23Z">
          <reporter-output>
          </reporter-output>
        </test-method> <!-- setUp -->
        <test-method status="FAIL" signature="TC_DTH_01()[pri:0, instance:com.wibmo.test.DTHRechargePayPageTest@3cef309d]" name="TC_DTH_01" duration-ms="5" started-at="2018-03-02T18:11:23Z" finished-at="2018-03-02T18:11:23Z">
          <exception class="java.lang.NullPointerException">
            <full-stacktrace>
              <![CDATA[java.lang.NullPointerException
	at com.wibmo.test.DTHRechargePayPageTest.initialization(DTHRechargePayPageTest.java:42)
	at com.wibmo.test.DTHRechargePayPageTest.TC_DTH_01(DTHRechargePayPageTest.java:58)
	at sun.reflect.NativeMethodAccessorImpl.invoke0(Native Method)
	at sun.reflect.NativeMethodAccessorImpl.invoke(Unknown Source)
	at sun.reflect.DelegatingMethodAccessorImpl.invoke(Unknown Source)
	at java.lang.reflect.Method.invoke(Unknown Source)
	at org.testng.internal.MethodInvocationHelper.invokeMethod(MethodInvocationHelper.java:80)
	at org.testng.internal.Invoker.invokeMethod(Invoker.java:714)
	at org.testng.internal.Invoker.invokeTestMethod(Invoker.java:901)
	at org.testng.internal.Invoker.invokeTestMethods(Invoker.java:1231)
	at org.testng.internal.TestMethodWorker.invokeTestMethods(TestMethodWorker.java:127)
	at org.testng.internal.TestMethodWorker.run(TestMethodWorker.java:111)
	at org.testng.TestRunner.privateRun(TestRunner.java:767)
	at org.testng.TestRunner.run(TestRunner.java:617)
	at org.testng.SuiteRunner.runTest(SuiteRunner.java:334)
	at org.testng.SuiteRunner.runSequentially(SuiteRunner.java:329)
	at org.testng.SuiteRunner.privateRun(SuiteRunner.java:291)
	at org.testng.SuiteRunner.run(SuiteRunner.java:240)
	at org.testng.SuiteRunnerWorker.runSuite(SuiteRunnerWorker.java:52)
	at org.testng.SuiteRunnerWorker.run(SuiteRunnerWorker.java:86)
	at org.testng.TestNG.runSuitesSequentially(TestNG.java:1198)
	at org.testng.TestNG.runSuitesLocally(TestNG.java:1123)
	at org.testng.TestNG.run(TestNG.java:1031)
	at org.testng.remote.AbstractRemoteTestNG.run(AbstractRemoteTestNG.java:114)
	at org.testng.remote.RemoteTestNG.initAndRun(RemoteTestNG.java:251)
	at org.testng.remote.RemoteTestNG.main(RemoteTestNG.java:77)
]]>
            </full-stacktrace>
          </exception> <!-- java.lang.NullPointerException -->
          <reporter-output>
          </reporter-output>
        </test-method> <!-- TC_DTH_01 -->
        <test-method status="PASS" signature="close()[pri:0, instance:com.wibmo.test.DTHRechargePayPageTest@3cef309d]" name="close" is-config="true" duration-ms="2051" started-at="2018-03-02T18:11:23Z" finished-at="2018-03-02T18:11:25Z">
          <reporter-output>
          </reporter-output>
        </test-method> <!-- close -->
      </class> <!-- com.wibmo.test.DTHRechargePayPageTest -->
    </test> <!-- Default test -->
  </suite> <!-- Default suite -->
</testng-results>
